[2024-05-14T07:55:21.809+0000] {local_task_job_runner.py:120} INFO - ::group::Pre task execution logs
[2024-05-14T07:55:21.933+0000] {taskinstance.py:2076} INFO - Dependencies all met for dep_context=non-requeueable deps ti=<TaskInstance: json_to_csv_database_a.teachers_transform scheduled__2024-05-14T07:48:00+00:00 [queued]>
[2024-05-14T07:55:21.973+0000] {taskinstance.py:2076} INFO - Dependencies all met for dep_context=requeueable deps ti=<TaskInstance: json_to_csv_database_a.teachers_transform scheduled__2024-05-14T07:48:00+00:00 [queued]>
[2024-05-14T07:55:21.978+0000] {taskinstance.py:2306} INFO - Starting attempt 1 of 1
[2024-05-14T07:55:22.076+0000] {taskinstance.py:2330} INFO - Executing <Task(_PythonDecoratedOperator): teachers_transform> on 2024-05-14 07:48:00+00:00
[2024-05-14T07:55:22.113+0000] {warnings.py:110} WARNING - /home/***/.local/lib/python3.12/site-packages/***/task/task_runner/standard_task_runner.py:61: DeprecationWarning: This process (pid=4994) is multi-threaded, use of fork() may lead to deadlocks in the child.
  pid = os.fork()

[2024-05-14T07:55:22.126+0000] {standard_task_runner.py:63} INFO - Started process 5007 to run task
[2024-05-14T07:55:22.117+0000] {standard_task_runner.py:90} INFO - Running: ['***', 'tasks', 'run', 'json_to_csv_database_a', 'teachers_transform', 'scheduled__2024-05-14T07:48:00+00:00', '--job-id', '661', '--raw', '--subdir', 'DAGS_FOLDER/json_to_csv_database_a.py', '--cfg-path', '/tmp/tmpvi5zawc3']
[2024-05-14T07:55:22.134+0000] {standard_task_runner.py:91} INFO - Job 661: Subtask teachers_transform
[2024-05-14T07:55:22.745+0000] {task_command.py:426} INFO - Running <TaskInstance: json_to_csv_database_a.teachers_transform scheduled__2024-05-14T07:48:00+00:00 [running]> on host 7331c320d95e
[2024-05-14T07:55:23.441+0000] {taskinstance.py:2648} INFO - Exporting env vars: AIRFLOW_CTX_DAG_OWNER='***' AIRFLOW_CTX_DAG_ID='json_to_csv_database_a' AIRFLOW_CTX_TASK_ID='teachers_transform' AIRFLOW_CTX_EXECUTION_DATE='2024-05-14T07:48:00+00:00' AIRFLOW_CTX_TRY_NUMBER='1' AIRFLOW_CTX_DAG_RUN_ID='scheduled__2024-05-14T07:48:00+00:00'
[2024-05-14T07:55:23.497+0000] {taskinstance.py:430} INFO - ::endgroup::
[2024-05-14T07:55:23.506+0000] {python.py:237} INFO - Done. Returned value was: 1,Byeon Wooseok,2023-01-01
2,Kim Hyeyoon,2008-09-01

[2024-05-14T07:55:23.515+0000] {taskinstance.py:441} INFO - ::group::Post task execution logs
[2024-05-14T07:55:23.717+0000] {taskinstance.py:1206} INFO - Marking task as SUCCESS. dag_id=json_to_csv_database_a, task_id=teachers_transform, run_id=scheduled__2024-05-14T07:48:00+00:00, execution_date=20240514T074800, start_date=20240514T075521, end_date=20240514T075523
[2024-05-14T07:55:23.815+0000] {local_task_job_runner.py:240} INFO - Task exited with return code 0
[2024-05-14T07:55:23.979+0000] {taskinstance.py:3498} INFO - 1 downstream tasks scheduled from follow-on schedule check
[2024-05-14T07:55:24.000+0000] {local_task_job_runner.py:222} INFO - ::endgroup::
