[2024-05-15T05:23:49.518+0000] {local_task_job_runner.py:120} INFO - ::group::Pre task execution logs
[2024-05-15T05:23:49.735+0000] {taskinstance.py:2076} INFO - Dependencies all met for dep_context=non-requeueable deps ti=<TaskInstance: json_to_csv_database_a.students_transform scheduled__2024-05-15T05:20:00+00:00 [queued]>
[2024-05-15T05:23:49.803+0000] {taskinstance.py:2076} INFO - Dependencies all met for dep_context=requeueable deps ti=<TaskInstance: json_to_csv_database_a.students_transform scheduled__2024-05-15T05:20:00+00:00 [queued]>
[2024-05-15T05:23:49.804+0000] {taskinstance.py:2306} INFO - Starting attempt 1 of 1
[2024-05-15T05:23:49.866+0000] {taskinstance.py:2330} INFO - Executing <Task(_PythonDecoratedOperator): students_transform> on 2024-05-15 05:20:00+00:00
[2024-05-15T05:23:49.886+0000] {warnings.py:110} WARNING - /home/***/.local/lib/python3.12/site-packages/***/task/task_runner/standard_task_runner.py:61: DeprecationWarning: This process (pid=77) is multi-threaded, use of fork() may lead to deadlocks in the child.
  pid = os.fork()

[2024-05-15T05:23:49.892+0000] {standard_task_runner.py:63} INFO - Started process 105 to run task
[2024-05-15T05:23:49.942+0000] {standard_task_runner.py:90} INFO - Running: ['***', 'tasks', 'run', 'json_to_csv_database_a', 'students_transform', 'scheduled__2024-05-15T05:20:00+00:00', '--job-id', '1053', '--raw', '--subdir', 'DAGS_FOLDER/json_to_csv_database_a.py', '--cfg-path', '/tmp/tmpa112a8z_']
[2024-05-15T05:23:49.962+0000] {standard_task_runner.py:91} INFO - Job 1053: Subtask students_transform
[2024-05-15T05:23:50.411+0000] {task_command.py:426} INFO - Running <TaskInstance: json_to_csv_database_a.students_transform scheduled__2024-05-15T05:20:00+00:00 [running]> on host 7331c320d95e
[2024-05-15T05:23:51.249+0000] {taskinstance.py:2648} INFO - Exporting env vars: AIRFLOW_CTX_DAG_OWNER='***' AIRFLOW_CTX_DAG_ID='json_to_csv_database_a' AIRFLOW_CTX_TASK_ID='students_transform' AIRFLOW_CTX_EXECUTION_DATE='2024-05-15T05:20:00+00:00' AIRFLOW_CTX_TRY_NUMBER='1' AIRFLOW_CTX_DAG_RUN_ID='scheduled__2024-05-15T05:20:00+00:00'
[2024-05-15T05:23:51.280+0000] {taskinstance.py:430} INFO - ::endgroup::
[2024-05-15T05:23:51.282+0000] {python.py:237} INFO - Done. Returned value was: 2,Im Sol
1,Ryu Sunjae

[2024-05-15T05:23:51.282+0000] {taskinstance.py:441} INFO - ::group::Post task execution logs
[2024-05-15T05:23:51.337+0000] {taskinstance.py:1206} INFO - Marking task as SUCCESS. dag_id=json_to_csv_database_a, task_id=students_transform, run_id=scheduled__2024-05-15T05:20:00+00:00, execution_date=20240515T052000, start_date=20240515T052349, end_date=20240515T052351
[2024-05-15T05:23:51.381+0000] {local_task_job_runner.py:240} INFO - Task exited with return code 0
[2024-05-15T05:23:51.444+0000] {taskinstance.py:3498} INFO - 1 downstream tasks scheduled from follow-on schedule check
[2024-05-15T05:23:51.455+0000] {local_task_job_runner.py:222} INFO - ::endgroup::
