[2024-05-14T08:46:05.239+0000] {local_task_job_runner.py:120} INFO - ::group::Pre task execution logs
[2024-05-14T08:46:05.263+0000] {taskinstance.py:2076} INFO - Dependencies all met for dep_context=non-requeueable deps ti=<TaskInstance: json_to_csv_database_a.teachers_transform scheduled__2024-05-14T08:44:00+00:00 [queued]>
[2024-05-14T08:46:05.270+0000] {taskinstance.py:2076} INFO - Dependencies all met for dep_context=requeueable deps ti=<TaskInstance: json_to_csv_database_a.teachers_transform scheduled__2024-05-14T08:44:00+00:00 [queued]>
[2024-05-14T08:46:05.270+0000] {taskinstance.py:2306} INFO - Starting attempt 1 of 1
[2024-05-14T08:46:05.283+0000] {taskinstance.py:2330} INFO - Executing <Task(_PythonDecoratedOperator): teachers_transform> on 2024-05-14 08:44:00+00:00
[2024-05-14T08:46:05.289+0000] {warnings.py:110} WARNING - /home/***/.local/lib/python3.12/site-packages/***/task/task_runner/standard_task_runner.py:61: DeprecationWarning: This process (pid=5932) is multi-threaded, use of fork() may lead to deadlocks in the child.
  pid = os.fork()

[2024-05-14T08:46:05.292+0000] {standard_task_runner.py:63} INFO - Started process 5939 to run task
[2024-05-14T08:46:05.296+0000] {standard_task_runner.py:90} INFO - Running: ['***', 'tasks', 'run', 'json_to_csv_database_a', 'teachers_transform', 'scheduled__2024-05-14T08:44:00+00:00', '--job-id', '902', '--raw', '--subdir', 'DAGS_FOLDER/json_to_csv_database_a.py', '--cfg-path', '/tmp/tmpyhxmbukh']
[2024-05-14T08:46:05.300+0000] {standard_task_runner.py:91} INFO - Job 902: Subtask teachers_transform
[2024-05-14T08:46:05.370+0000] {task_command.py:426} INFO - Running <TaskInstance: json_to_csv_database_a.teachers_transform scheduled__2024-05-14T08:44:00+00:00 [running]> on host 7331c320d95e
[2024-05-14T08:46:05.472+0000] {taskinstance.py:2648} INFO - Exporting env vars: AIRFLOW_CTX_DAG_OWNER='***' AIRFLOW_CTX_DAG_ID='json_to_csv_database_a' AIRFLOW_CTX_TASK_ID='teachers_transform' AIRFLOW_CTX_EXECUTION_DATE='2024-05-14T08:44:00+00:00' AIRFLOW_CTX_TRY_NUMBER='1' AIRFLOW_CTX_DAG_RUN_ID='scheduled__2024-05-14T08:44:00+00:00'
[2024-05-14T08:46:05.475+0000] {taskinstance.py:430} INFO - ::endgroup::
[2024-05-14T08:46:05.476+0000] {python.py:237} INFO - Done. Returned value was: 1,Byeon Wooseok,2023-01-01
2,Kim Hyeyoon,2008-09-01

[2024-05-14T08:46:05.477+0000] {taskinstance.py:441} INFO - ::group::Post task execution logs
[2024-05-14T08:46:05.490+0000] {taskinstance.py:1206} INFO - Marking task as SUCCESS. dag_id=json_to_csv_database_a, task_id=teachers_transform, run_id=scheduled__2024-05-14T08:44:00+00:00, execution_date=20240514T084400, start_date=20240514T084605, end_date=20240514T084605
[2024-05-14T08:46:05.515+0000] {local_task_job_runner.py:240} INFO - Task exited with return code 0
[2024-05-14T08:46:05.561+0000] {taskinstance.py:3498} INFO - 1 downstream tasks scheduled from follow-on schedule check
[2024-05-14T08:46:05.563+0000] {local_task_job_runner.py:222} INFO - ::endgroup::
