[2024-05-15T07:50:04.737+0000] {local_task_job_runner.py:120} INFO - ::group::Pre task execution logs
[2024-05-15T07:50:04.758+0000] {taskinstance.py:2076} INFO - Dependencies all met for dep_context=non-requeueable deps ti=<TaskInstance: json2csv_a.students_transform scheduled__2024-05-15T07:48:00+00:00 [queued]>
[2024-05-15T07:50:04.773+0000] {taskinstance.py:2076} INFO - Dependencies all met for dep_context=requeueable deps ti=<TaskInstance: json2csv_a.students_transform scheduled__2024-05-15T07:48:00+00:00 [queued]>
[2024-05-15T07:50:04.774+0000] {taskinstance.py:2306} INFO - Starting attempt 1 of 1
[2024-05-15T07:50:04.788+0000] {taskinstance.py:2330} INFO - Executing <Task(_PythonDecoratedOperator): students_transform> on 2024-05-15 07:48:00+00:00
[2024-05-15T07:50:04.797+0000] {warnings.py:110} WARNING - /home/***/.local/lib/python3.12/site-packages/***/task/task_runner/standard_task_runner.py:61: DeprecationWarning: This process (pid=2593) is multi-threaded, use of fork() may lead to deadlocks in the child.
  pid = os.fork()

[2024-05-15T07:50:04.799+0000] {standard_task_runner.py:63} INFO - Started process 2599 to run task
[2024-05-15T07:50:04.801+0000] {standard_task_runner.py:90} INFO - Running: ['***', 'tasks', 'run', 'json2csv_a', 'students_transform', 'scheduled__2024-05-15T07:48:00+00:00', '--job-id', '1258', '--raw', '--subdir', 'DAGS_FOLDER/json_to_csv.py', '--cfg-path', '/tmp/tmpwdvsq8hc']
[2024-05-15T07:50:04.805+0000] {standard_task_runner.py:91} INFO - Job 1258: Subtask students_transform
[2024-05-15T07:50:04.845+0000] {task_command.py:426} INFO - Running <TaskInstance: json2csv_a.students_transform scheduled__2024-05-15T07:48:00+00:00 [running]> on host 7331c320d95e
[2024-05-15T07:50:04.936+0000] {taskinstance.py:2648} INFO - Exporting env vars: AIRFLOW_CTX_DAG_OWNER='***' AIRFLOW_CTX_DAG_ID='json2csv_a' AIRFLOW_CTX_TASK_ID='students_transform' AIRFLOW_CTX_EXECUTION_DATE='2024-05-15T07:48:00+00:00' AIRFLOW_CTX_TRY_NUMBER='1' AIRFLOW_CTX_DAG_RUN_ID='scheduled__2024-05-15T07:48:00+00:00'
[2024-05-15T07:50:04.938+0000] {taskinstance.py:430} INFO - ::endgroup::
[2024-05-15T07:50:04.939+0000] {python.py:237} INFO - Done. Returned value was: 2,Im Sol
1,Ryu Sunjae

[2024-05-15T07:50:04.939+0000] {taskinstance.py:441} INFO - ::group::Post task execution logs
[2024-05-15T07:50:04.961+0000] {taskinstance.py:1206} INFO - Marking task as SUCCESS. dag_id=json2csv_a, task_id=students_transform, run_id=scheduled__2024-05-15T07:48:00+00:00, execution_date=20240515T074800, start_date=20240515T075004, end_date=20240515T075004
[2024-05-15T07:50:04.982+0000] {local_task_job_runner.py:240} INFO - Task exited with return code 0
[2024-05-15T07:50:05.000+0000] {taskinstance.py:3498} INFO - 1 downstream tasks scheduled from follow-on schedule check
[2024-05-15T07:50:05.001+0000] {local_task_job_runner.py:222} INFO - ::endgroup::
