[2024-05-14T02:08:04.051+0000] {local_task_job_runner.py:120} INFO - ::group::Pre task execution logs
[2024-05-14T02:08:04.065+0000] {taskinstance.py:2076} INFO - Dependencies all met for dep_context=non-requeueable deps ti=<TaskInstance: demo.airflow scheduled__2024-05-04T00:00:00+00:00 [queued]>
[2024-05-14T02:08:04.069+0000] {taskinstance.py:2076} INFO - Dependencies all met for dep_context=requeueable deps ti=<TaskInstance: demo.airflow scheduled__2024-05-04T00:00:00+00:00 [queued]>
[2024-05-14T02:08:04.069+0000] {taskinstance.py:2306} INFO - Starting attempt 1 of 1
[2024-05-14T02:08:04.074+0000] {taskinstance.py:2330} INFO - Executing <Task(_PythonDecoratedOperator): airflow> on 2024-05-04 00:00:00+00:00
[2024-05-14T02:08:04.080+0000] {warnings.py:110} WARNING - /home/***/.local/lib/python3.12/site-packages/***/task/task_runner/standard_task_runner.py:61: DeprecationWarning: This process (pid=135) is multi-threaded, use of fork() may lead to deadlocks in the child.
  pid = os.fork()

[2024-05-14T02:08:04.082+0000] {standard_task_runner.py:63} INFO - Started process 144 to run task
[2024-05-14T02:08:04.082+0000] {standard_task_runner.py:90} INFO - Running: ['***', 'tasks', 'run', 'demo', '***', 'scheduled__2024-05-04T00:00:00+00:00', '--job-id', '65', '--raw', '--subdir', 'DAGS_FOLDER/demo.py', '--cfg-path', '/tmp/tmpd2hbsixg']
[2024-05-14T02:08:04.084+0000] {standard_task_runner.py:91} INFO - Job 65: Subtask ***
[2024-05-14T02:08:04.124+0000] {task_command.py:426} INFO - Running <TaskInstance: demo.airflow scheduled__2024-05-04T00:00:00+00:00 [running]> on host 7331c320d95e
[2024-05-14T02:08:04.170+0000] {taskinstance.py:2648} INFO - Exporting env vars: AIRFLOW_CTX_DAG_OWNER='***' AIRFLOW_CTX_DAG_ID='demo' AIRFLOW_CTX_TASK_ID='***' AIRFLOW_CTX_EXECUTION_DATE='2024-05-04T00:00:00+00:00' AIRFLOW_CTX_TRY_NUMBER='1' AIRFLOW_CTX_DAG_RUN_ID='scheduled__2024-05-04T00:00:00+00:00'
[2024-05-14T02:08:04.172+0000] {taskinstance.py:430} INFO - ::endgroup::
[2024-05-14T02:08:04.173+0000] {logging_mixin.py:188} INFO - ***
[2024-05-14T02:08:04.173+0000] {python.py:237} INFO - Done. Returned value was: None
[2024-05-14T02:08:04.173+0000] {taskinstance.py:441} INFO - ::group::Post task execution logs
[2024-05-14T02:08:04.177+0000] {taskinstance.py:1206} INFO - Marking task as SUCCESS. dag_id=demo, task_id=***, run_id=scheduled__2024-05-04T00:00:00+00:00, execution_date=20240504T000000, start_date=20240514T020804, end_date=20240514T020804
[2024-05-14T02:08:04.227+0000] {local_task_job_runner.py:240} INFO - Task exited with return code 0
[2024-05-14T02:08:04.235+0000] {taskinstance.py:3498} INFO - 0 downstream tasks scheduled from follow-on schedule check
[2024-05-14T02:08:04.236+0000] {local_task_job_runner.py:222} INFO - ::endgroup::
