[2024-05-14T05:40:03.592+0000] {local_task_job_runner.py:120} INFO - ::group::Pre task execution logs
[2024-05-14T05:40:03.604+0000] {taskinstance.py:2076} INFO - Dependencies all met for dep_context=non-requeueable deps ti=<TaskInstance: json_to_csv.teachers_transform scheduled__2024-05-14T05:38:00+00:00 [queued]>
[2024-05-14T05:40:03.607+0000] {taskinstance.py:2076} INFO - Dependencies all met for dep_context=requeueable deps ti=<TaskInstance: json_to_csv.teachers_transform scheduled__2024-05-14T05:38:00+00:00 [queued]>
[2024-05-14T05:40:03.607+0000] {taskinstance.py:2306} INFO - Starting attempt 1 of 1
[2024-05-14T05:40:03.612+0000] {taskinstance.py:2330} INFO - Executing <Task(_PythonDecoratedOperator): teachers_transform> on 2024-05-14 05:38:00+00:00
[2024-05-14T05:40:03.617+0000] {warnings.py:110} WARNING - /home/***/.local/lib/python3.12/site-packages/***/task/task_runner/standard_task_runner.py:61: DeprecationWarning: This process (pid=2140) is multi-threaded, use of fork() may lead to deadlocks in the child.
  pid = os.fork()

[2024-05-14T05:40:03.618+0000] {standard_task_runner.py:63} INFO - Started process 2143 to run task
[2024-05-14T05:40:03.618+0000] {standard_task_runner.py:90} INFO - Running: ['***', 'tasks', 'run', 'json_to_csv', 'teachers_transform', 'scheduled__2024-05-14T05:38:00+00:00', '--job-id', '229', '--raw', '--subdir', 'DAGS_FOLDER/json_to_csv.py', '--cfg-path', '/tmp/tmp0ikl7vi7']
[2024-05-14T05:40:03.621+0000] {standard_task_runner.py:91} INFO - Job 229: Subtask teachers_transform
[2024-05-14T05:40:03.659+0000] {task_command.py:426} INFO - Running <TaskInstance: json_to_csv.teachers_transform scheduled__2024-05-14T05:38:00+00:00 [running]> on host 7331c320d95e
[2024-05-14T05:40:03.716+0000] {taskinstance.py:2648} INFO - Exporting env vars: AIRFLOW_CTX_DAG_OWNER='***' AIRFLOW_CTX_DAG_ID='json_to_csv' AIRFLOW_CTX_TASK_ID='teachers_transform' AIRFLOW_CTX_EXECUTION_DATE='2024-05-14T05:38:00+00:00' AIRFLOW_CTX_TRY_NUMBER='1' AIRFLOW_CTX_DAG_RUN_ID='scheduled__2024-05-14T05:38:00+00:00'
[2024-05-14T05:40:03.717+0000] {taskinstance.py:430} INFO - ::endgroup::
[2024-05-14T05:40:03.717+0000] {python.py:237} INFO - Done. Returned value was: 1,Byeon Wooseok,2023-01-01
2,Kim Hyeyoon,2008-09-01

[2024-05-14T05:40:03.718+0000] {taskinstance.py:441} INFO - ::group::Post task execution logs
[2024-05-14T05:40:03.725+0000] {taskinstance.py:1206} INFO - Marking task as SUCCESS. dag_id=json_to_csv, task_id=teachers_transform, run_id=scheduled__2024-05-14T05:38:00+00:00, execution_date=20240514T053800, start_date=20240514T054003, end_date=20240514T054003
[2024-05-14T05:40:03.762+0000] {local_task_job_runner.py:240} INFO - Task exited with return code 0
[2024-05-14T05:40:03.783+0000] {taskinstance.py:3498} INFO - 1 downstream tasks scheduled from follow-on schedule check
[2024-05-14T05:40:03.783+0000] {local_task_job_runner.py:222} INFO - ::endgroup::
