[2024-05-14T08:14:09.937+0000] {local_task_job_runner.py:120} INFO - ::group::Pre task execution logs
[2024-05-14T08:14:09.967+0000] {taskinstance.py:2076} INFO - Dependencies all met for dep_context=non-requeueable deps ti=<TaskInstance: json_to_csv_database_a.students_transform scheduled__2024-05-14T08:12:00+00:00 [queued]>
[2024-05-14T08:14:09.977+0000] {taskinstance.py:2076} INFO - Dependencies all met for dep_context=requeueable deps ti=<TaskInstance: json_to_csv_database_a.students_transform scheduled__2024-05-14T08:12:00+00:00 [queued]>
[2024-05-14T08:14:09.978+0000] {taskinstance.py:2306} INFO - Starting attempt 1 of 1
[2024-05-14T08:14:09.997+0000] {taskinstance.py:2330} INFO - Executing <Task(_PythonDecoratedOperator): students_transform> on 2024-05-14 08:12:00+00:00
[2024-05-14T08:14:10.013+0000] {warnings.py:110} WARNING - /home/***/.local/lib/python3.12/site-packages/***/task/task_runner/standard_task_runner.py:61: DeprecationWarning: This process (pid=5368) is multi-threaded, use of fork() may lead to deadlocks in the child.
  pid = os.fork()

[2024-05-14T08:14:10.018+0000] {standard_task_runner.py:63} INFO - Started process 5375 to run task
[2024-05-14T08:14:10.021+0000] {standard_task_runner.py:90} INFO - Running: ['***', 'tasks', 'run', 'json_to_csv_database_a', 'students_transform', 'scheduled__2024-05-14T08:12:00+00:00', '--job-id', '758', '--raw', '--subdir', 'DAGS_FOLDER/json_to_csv_database_a.py', '--cfg-path', '/tmp/tmp0ha3h1ih']
[2024-05-14T08:14:10.027+0000] {standard_task_runner.py:91} INFO - Job 758: Subtask students_transform
[2024-05-14T08:14:10.183+0000] {task_command.py:426} INFO - Running <TaskInstance: json_to_csv_database_a.students_transform scheduled__2024-05-14T08:12:00+00:00 [running]> on host 7331c320d95e
[2024-05-14T08:14:10.271+0000] {taskinstance.py:2648} INFO - Exporting env vars: AIRFLOW_CTX_DAG_OWNER='***' AIRFLOW_CTX_DAG_ID='json_to_csv_database_a' AIRFLOW_CTX_TASK_ID='students_transform' AIRFLOW_CTX_EXECUTION_DATE='2024-05-14T08:12:00+00:00' AIRFLOW_CTX_TRY_NUMBER='1' AIRFLOW_CTX_DAG_RUN_ID='scheduled__2024-05-14T08:12:00+00:00'
[2024-05-14T08:14:10.275+0000] {taskinstance.py:430} INFO - ::endgroup::
[2024-05-14T08:14:10.276+0000] {python.py:237} INFO - Done. Returned value was: 2,Im Sol
1,Ryu Sunjae

[2024-05-14T08:14:10.276+0000] {taskinstance.py:441} INFO - ::group::Post task execution logs
[2024-05-14T08:14:10.308+0000] {taskinstance.py:1206} INFO - Marking task as SUCCESS. dag_id=json_to_csv_database_a, task_id=students_transform, run_id=scheduled__2024-05-14T08:12:00+00:00, execution_date=20240514T081200, start_date=20240514T081409, end_date=20240514T081410
[2024-05-14T08:14:10.327+0000] {local_task_job_runner.py:240} INFO - Task exited with return code 0
[2024-05-14T08:14:10.350+0000] {taskinstance.py:3498} INFO - 1 downstream tasks scheduled from follow-on schedule check
[2024-05-14T08:14:10.352+0000] {local_task_job_runner.py:222} INFO - ::endgroup::
