[2024-05-14T07:55:37.574+0000] {local_task_job_runner.py:120} INFO - ::group::Pre task execution logs
[2024-05-14T07:55:37.729+0000] {taskinstance.py:2076} INFO - Dependencies all met for dep_context=non-requeueable deps ti=<TaskInstance: json_to_csv_database_a.teachers_transform scheduled__2024-05-14T07:52:00+00:00 [queued]>
[2024-05-14T07:55:37.761+0000] {taskinstance.py:2076} INFO - Dependencies all met for dep_context=requeueable deps ti=<TaskInstance: json_to_csv_database_a.teachers_transform scheduled__2024-05-14T07:52:00+00:00 [queued]>
[2024-05-14T07:55:37.832+0000] {taskinstance.py:2306} INFO - Starting attempt 1 of 1
[2024-05-14T07:55:38.023+0000] {taskinstance.py:2330} INFO - Executing <Task(_PythonDecoratedOperator): teachers_transform> on 2024-05-14 07:52:00+00:00
[2024-05-14T07:55:38.130+0000] {warnings.py:110} WARNING - /home/***/.local/lib/python3.12/site-packages/***/task/task_runner/standard_task_runner.py:61: DeprecationWarning: This process (pid=5002) is multi-threaded, use of fork() may lead to deadlocks in the child.
  pid = os.fork()

[2024-05-14T07:55:38.166+0000] {standard_task_runner.py:63} INFO - Started process 5026 to run task
[2024-05-14T07:55:38.167+0000] {standard_task_runner.py:90} INFO - Running: ['***', 'tasks', 'run', 'json_to_csv_database_a', 'teachers_transform', 'scheduled__2024-05-14T07:52:00+00:00', '--job-id', '664', '--raw', '--subdir', 'DAGS_FOLDER/json_to_csv_database_a.py', '--cfg-path', '/tmp/tmp27wizs10']
[2024-05-14T07:55:38.632+0000] {standard_task_runner.py:91} INFO - Job 664: Subtask teachers_transform
[2024-05-14T07:55:39.180+0000] {task_command.py:426} INFO - Running <TaskInstance: json_to_csv_database_a.teachers_transform scheduled__2024-05-14T07:52:00+00:00 [running]> on host 7331c320d95e
[2024-05-14T07:55:40.582+0000] {taskinstance.py:2648} INFO - Exporting env vars: AIRFLOW_CTX_DAG_OWNER='***' AIRFLOW_CTX_DAG_ID='json_to_csv_database_a' AIRFLOW_CTX_TASK_ID='teachers_transform' AIRFLOW_CTX_EXECUTION_DATE='2024-05-14T07:52:00+00:00' AIRFLOW_CTX_TRY_NUMBER='1' AIRFLOW_CTX_DAG_RUN_ID='scheduled__2024-05-14T07:52:00+00:00'
[2024-05-14T07:55:40.726+0000] {taskinstance.py:430} INFO - ::endgroup::
[2024-05-14T07:55:40.746+0000] {python.py:237} INFO - Done. Returned value was: 1,Byeon Wooseok,2023-01-01
2,Kim Hyeyoon,2008-09-01

[2024-05-14T07:55:40.767+0000] {taskinstance.py:441} INFO - ::group::Post task execution logs
[2024-05-14T07:55:41.061+0000] {taskinstance.py:1206} INFO - Marking task as SUCCESS. dag_id=json_to_csv_database_a, task_id=teachers_transform, run_id=scheduled__2024-05-14T07:52:00+00:00, execution_date=20240514T075200, start_date=20240514T075537, end_date=20240514T075541
[2024-05-14T07:55:41.648+0000] {local_task_job_runner.py:240} INFO - Task exited with return code 0
[2024-05-14T07:55:42.083+0000] {taskinstance.py:3498} INFO - 0 downstream tasks scheduled from follow-on schedule check
[2024-05-14T07:55:42.100+0000] {local_task_job_runner.py:222} INFO - ::endgroup::
