[2024-05-15T07:18:05.632+0000] {local_task_job_runner.py:120} INFO - ::group::Pre task execution logs
[2024-05-15T07:18:05.646+0000] {taskinstance.py:2076} INFO - Dependencies all met for dep_context=non-requeueable deps ti=<TaskInstance: json2csv_b.boygroup_transform scheduled__2024-05-15T07:16:00+00:00 [queued]>
[2024-05-15T07:18:05.650+0000] {taskinstance.py:2076} INFO - Dependencies all met for dep_context=requeueable deps ti=<TaskInstance: json2csv_b.boygroup_transform scheduled__2024-05-15T07:16:00+00:00 [queued]>
[2024-05-15T07:18:05.650+0000] {taskinstance.py:2306} INFO - Starting attempt 1 of 1
[2024-05-15T07:18:05.657+0000] {taskinstance.py:2330} INFO - Executing <Task(_PythonDecoratedOperator): boygroup_transform> on 2024-05-15 07:16:00+00:00
[2024-05-15T07:18:05.670+0000] {warnings.py:110} WARNING - /home/***/.local/lib/python3.12/site-packages/***/task/task_runner/standard_task_runner.py:61: DeprecationWarning: This process (pid=1778) is multi-threaded, use of fork() may lead to deadlocks in the child.
  pid = os.fork()

[2024-05-15T07:18:05.675+0000] {standard_task_runner.py:63} INFO - Started process 1786 to run task
[2024-05-15T07:18:05.673+0000] {standard_task_runner.py:90} INFO - Running: ['***', 'tasks', 'run', 'json2csv_b', 'boygroup_transform', 'scheduled__2024-05-15T07:16:00+00:00', '--job-id', '1114', '--raw', '--subdir', 'DAGS_FOLDER/json_to_csv.py', '--cfg-path', '/tmp/tmpmu_kbryx']
[2024-05-15T07:18:05.681+0000] {standard_task_runner.py:91} INFO - Job 1114: Subtask boygroup_transform
[2024-05-15T07:18:05.724+0000] {task_command.py:426} INFO - Running <TaskInstance: json2csv_b.boygroup_transform scheduled__2024-05-15T07:16:00+00:00 [running]> on host 7331c320d95e
[2024-05-15T07:18:05.794+0000] {taskinstance.py:2648} INFO - Exporting env vars: AIRFLOW_CTX_DAG_OWNER='***' AIRFLOW_CTX_DAG_ID='json2csv_b' AIRFLOW_CTX_TASK_ID='boygroup_transform' AIRFLOW_CTX_EXECUTION_DATE='2024-05-15T07:16:00+00:00' AIRFLOW_CTX_TRY_NUMBER='1' AIRFLOW_CTX_DAG_RUN_ID='scheduled__2024-05-15T07:16:00+00:00'
[2024-05-15T07:18:05.797+0000] {taskinstance.py:430} INFO - ::endgroup::
[2024-05-15T07:18:05.798+0000] {python.py:237} INFO - Done. Returned value was: 1,nct,26,2016-04-09
2,super junior,10,2005-09-11
3,straykids,8,2018-03-25

[2024-05-15T07:18:05.798+0000] {taskinstance.py:441} INFO - ::group::Post task execution logs
[2024-05-15T07:18:05.810+0000] {taskinstance.py:1206} INFO - Marking task as SUCCESS. dag_id=json2csv_b, task_id=boygroup_transform, run_id=scheduled__2024-05-15T07:16:00+00:00, execution_date=20240515T071600, start_date=20240515T071805, end_date=20240515T071805
[2024-05-15T07:18:05.859+0000] {local_task_job_runner.py:240} INFO - Task exited with return code 0
[2024-05-15T07:18:05.909+0000] {taskinstance.py:3498} INFO - 1 downstream tasks scheduled from follow-on schedule check
[2024-05-15T07:18:05.910+0000] {local_task_job_runner.py:222} INFO - ::endgroup::
