[2024-05-15T07:16:14.986+0000] {local_task_job_runner.py:120} INFO - ::group::Pre task execution logs
[2024-05-15T07:16:15.039+0000] {taskinstance.py:2076} INFO - Dependencies all met for dep_context=non-requeueable deps ti=<TaskInstance: json2csv_b.boygroup_transform scheduled__2024-05-15T07:14:00+00:00 [queued]>
[2024-05-15T07:16:15.050+0000] {taskinstance.py:2076} INFO - Dependencies all met for dep_context=requeueable deps ti=<TaskInstance: json2csv_b.boygroup_transform scheduled__2024-05-15T07:14:00+00:00 [queued]>
[2024-05-15T07:16:15.051+0000] {taskinstance.py:2306} INFO - Starting attempt 1 of 1
[2024-05-15T07:16:15.079+0000] {taskinstance.py:2330} INFO - Executing <Task(_PythonDecoratedOperator): boygroup_transform> on 2024-05-15 07:14:00+00:00
[2024-05-15T07:16:15.095+0000] {warnings.py:110} WARNING - /home/***/.local/lib/python3.12/site-packages/***/task/task_runner/standard_task_runner.py:61: DeprecationWarning: This process (pid=1724) is multi-threaded, use of fork() may lead to deadlocks in the child.
  pid = os.fork()

[2024-05-15T07:16:15.100+0000] {standard_task_runner.py:63} INFO - Started process 1736 to run task
[2024-05-15T07:16:15.114+0000] {standard_task_runner.py:90} INFO - Running: ['***', 'tasks', 'run', 'json2csv_b', 'boygroup_transform', 'scheduled__2024-05-15T07:14:00+00:00', '--job-id', '1104', '--raw', '--subdir', 'DAGS_FOLDER/json_to_csv.py', '--cfg-path', '/tmp/tmp87g3xyei']
[2024-05-15T07:16:15.122+0000] {standard_task_runner.py:91} INFO - Job 1104: Subtask boygroup_transform
[2024-05-15T07:16:15.242+0000] {task_command.py:426} INFO - Running <TaskInstance: json2csv_b.boygroup_transform scheduled__2024-05-15T07:14:00+00:00 [running]> on host 7331c320d95e
[2024-05-15T07:16:15.571+0000] {taskinstance.py:2648} INFO - Exporting env vars: AIRFLOW_CTX_DAG_OWNER='***' AIRFLOW_CTX_DAG_ID='json2csv_b' AIRFLOW_CTX_TASK_ID='boygroup_transform' AIRFLOW_CTX_EXECUTION_DATE='2024-05-15T07:14:00+00:00' AIRFLOW_CTX_TRY_NUMBER='1' AIRFLOW_CTX_DAG_RUN_ID='scheduled__2024-05-15T07:14:00+00:00'
[2024-05-15T07:16:15.576+0000] {taskinstance.py:430} INFO - ::endgroup::
[2024-05-15T07:16:15.578+0000] {python.py:237} INFO - Done. Returned value was: 1,nct,26,2016-04-09
2,super junior,10,2005-09-11
3,straykids,8,2018-03-25

[2024-05-15T07:16:15.579+0000] {taskinstance.py:441} INFO - ::group::Post task execution logs
[2024-05-15T07:16:15.657+0000] {taskinstance.py:1206} INFO - Marking task as SUCCESS. dag_id=json2csv_b, task_id=boygroup_transform, run_id=scheduled__2024-05-15T07:14:00+00:00, execution_date=20240515T071400, start_date=20240515T071615, end_date=20240515T071615
[2024-05-15T07:16:15.746+0000] {local_task_job_runner.py:240} INFO - Task exited with return code 0
[2024-05-15T07:16:15.876+0000] {taskinstance.py:3498} INFO - 1 downstream tasks scheduled from follow-on schedule check
[2024-05-15T07:16:15.879+0000] {local_task_job_runner.py:222} INFO - ::endgroup::
