[2024-05-14T03:50:01.218+0000] {local_task_job_runner.py:120} INFO - ::group::Pre task execution logs
[2024-05-14T03:50:01.226+0000] {taskinstance.py:2076} INFO - Dependencies all met for dep_context=non-requeueable deps ti=<TaskInstance: students.extract scheduled__2024-05-14T03:48:00+00:00 [queued]>
[2024-05-14T03:50:01.229+0000] {taskinstance.py:2076} INFO - Dependencies all met for dep_context=requeueable deps ti=<TaskInstance: students.extract scheduled__2024-05-14T03:48:00+00:00 [queued]>
[2024-05-14T03:50:01.229+0000] {taskinstance.py:2306} INFO - Starting attempt 1 of 1
[2024-05-14T03:50:01.234+0000] {taskinstance.py:2330} INFO - Executing <Task(_PythonDecoratedOperator): extract> on 2024-05-14 03:48:00+00:00
[2024-05-14T03:50:01.242+0000] {warnings.py:110} WARNING - /home/***/.local/lib/python3.12/site-packages/***/task/task_runner/standard_task_runner.py:61: DeprecationWarning: This process (pid=594) is multi-threaded, use of fork() may lead to deadlocks in the child.
  pid = os.fork()

[2024-05-14T03:50:01.243+0000] {standard_task_runner.py:63} INFO - Started process 596 to run task
[2024-05-14T03:50:01.242+0000] {standard_task_runner.py:90} INFO - Running: ['***', 'tasks', 'run', 'students', 'extract', 'scheduled__2024-05-14T03:48:00+00:00', '--job-id', '90', '--raw', '--subdir', 'DAGS_FOLDER/students.py', '--cfg-path', '/tmp/tmpl41ec_1x']
[2024-05-14T03:50:01.244+0000] {standard_task_runner.py:91} INFO - Job 90: Subtask extract
[2024-05-14T03:50:01.268+0000] {task_command.py:426} INFO - Running <TaskInstance: students.extract scheduled__2024-05-14T03:48:00+00:00 [running]> on host 7331c320d95e
[2024-05-14T03:50:01.302+0000] {taskinstance.py:2648} INFO - Exporting env vars: AIRFLOW_CTX_DAG_OWNER='***' AIRFLOW_CTX_DAG_ID='students' AIRFLOW_CTX_TASK_ID='extract' AIRFLOW_CTX_EXECUTION_DATE='2024-05-14T03:48:00+00:00' AIRFLOW_CTX_TRY_NUMBER='1' AIRFLOW_CTX_DAG_RUN_ID='scheduled__2024-05-14T03:48:00+00:00'
[2024-05-14T03:50:01.303+0000] {taskinstance.py:430} INFO - ::endgroup::
[2024-05-14T03:50:01.304+0000] {logging_mixin.py:188} INFO - {'id': 1, 'name': 'Ryu Sunjae'}
[2024-05-14T03:50:01.305+0000] {logging_mixin.py:188} INFO - {'id': 2, 'name': 'Im Sol'}
[2024-05-14T03:50:01.305+0000] {python.py:237} INFO - Done. Returned value was: None
[2024-05-14T03:50:01.306+0000] {taskinstance.py:441} INFO - ::group::Post task execution logs
[2024-05-14T03:50:01.309+0000] {taskinstance.py:1206} INFO - Marking task as SUCCESS. dag_id=students, task_id=extract, run_id=scheduled__2024-05-14T03:48:00+00:00, execution_date=20240514T034800, start_date=20240514T035001, end_date=20240514T035001
[2024-05-14T03:50:01.341+0000] {local_task_job_runner.py:240} INFO - Task exited with return code 0
[2024-05-14T03:50:01.347+0000] {taskinstance.py:3498} INFO - 0 downstream tasks scheduled from follow-on schedule check
[2024-05-14T03:50:01.348+0000] {local_task_job_runner.py:222} INFO - ::endgroup::
