[2024-05-15T05:23:46.103+0000] {local_task_job_runner.py:120} INFO - ::group::Pre task execution logs
[2024-05-15T05:23:46.315+0000] {taskinstance.py:2076} INFO - Dependencies all met for dep_context=non-requeueable deps ti=<TaskInstance: json_to_csv_database_a.teachers_transform scheduled__2024-05-15T05:20:00+00:00 [queued]>
[2024-05-15T05:23:46.367+0000] {taskinstance.py:2076} INFO - Dependencies all met for dep_context=requeueable deps ti=<TaskInstance: json_to_csv_database_a.teachers_transform scheduled__2024-05-15T05:20:00+00:00 [queued]>
[2024-05-15T05:23:46.373+0000] {taskinstance.py:2306} INFO - Starting attempt 1 of 1
[2024-05-15T05:23:46.484+0000] {taskinstance.py:2330} INFO - Executing <Task(_PythonDecoratedOperator): teachers_transform> on 2024-05-15 05:20:00+00:00
[2024-05-15T05:23:46.588+0000] {warnings.py:110} WARNING - /home/***/.local/lib/python3.12/site-packages/***/task/task_runner/standard_task_runner.py:61: DeprecationWarning: This process (pid=80) is multi-threaded, use of fork() may lead to deadlocks in the child.
  pid = os.fork()

[2024-05-15T05:23:46.641+0000] {standard_task_runner.py:63} INFO - Started process 100 to run task
[2024-05-15T05:23:46.594+0000] {standard_task_runner.py:90} INFO - Running: ['***', 'tasks', 'run', 'json_to_csv_database_a', 'teachers_transform', 'scheduled__2024-05-15T05:20:00+00:00', '--job-id', '1050', '--raw', '--subdir', 'DAGS_FOLDER/json_to_csv_database_a.py', '--cfg-path', '/tmp/tmpebj93rte']
[2024-05-15T05:23:46.683+0000] {standard_task_runner.py:91} INFO - Job 1050: Subtask teachers_transform
[2024-05-15T05:23:47.325+0000] {task_command.py:426} INFO - Running <TaskInstance: json_to_csv_database_a.teachers_transform scheduled__2024-05-15T05:20:00+00:00 [running]> on host 7331c320d95e
[2024-05-15T05:23:48.104+0000] {taskinstance.py:2648} INFO - Exporting env vars: AIRFLOW_CTX_DAG_OWNER='***' AIRFLOW_CTX_DAG_ID='json_to_csv_database_a' AIRFLOW_CTX_TASK_ID='teachers_transform' AIRFLOW_CTX_EXECUTION_DATE='2024-05-15T05:20:00+00:00' AIRFLOW_CTX_TRY_NUMBER='1' AIRFLOW_CTX_DAG_RUN_ID='scheduled__2024-05-15T05:20:00+00:00'
[2024-05-15T05:23:48.146+0000] {taskinstance.py:430} INFO - ::endgroup::
[2024-05-15T05:23:48.183+0000] {python.py:237} INFO - Done. Returned value was: 1,Byeon Wooseok,2023-01-01
2,Kim Hyeyoon,2008-09-01

[2024-05-15T05:23:48.193+0000] {taskinstance.py:441} INFO - ::group::Post task execution logs
[2024-05-15T05:23:48.592+0000] {taskinstance.py:1206} INFO - Marking task as SUCCESS. dag_id=json_to_csv_database_a, task_id=teachers_transform, run_id=scheduled__2024-05-15T05:20:00+00:00, execution_date=20240515T052000, start_date=20240515T052346, end_date=20240515T052348
[2024-05-15T05:23:48.776+0000] {local_task_job_runner.py:240} INFO - Task exited with return code 0
[2024-05-15T05:23:49.178+0000] {taskinstance.py:3498} INFO - 0 downstream tasks scheduled from follow-on schedule check
[2024-05-15T05:23:49.227+0000] {local_task_job_runner.py:222} INFO - ::endgroup::
