[2024-05-14T06:50:05.049+0000] {local_task_job_runner.py:120} INFO - ::group::Pre task execution logs
[2024-05-14T06:50:05.070+0000] {taskinstance.py:2076} INFO - Dependencies all met for dep_context=non-requeueable deps ti=<TaskInstance: json_to_csv_database_a.teachers_transform scheduled__2024-05-14T06:48:00+00:00 [queued]>
[2024-05-14T06:50:05.083+0000] {taskinstance.py:2076} INFO - Dependencies all met for dep_context=requeueable deps ti=<TaskInstance: json_to_csv_database_a.teachers_transform scheduled__2024-05-14T06:48:00+00:00 [queued]>
[2024-05-14T06:50:05.087+0000] {taskinstance.py:2306} INFO - Starting attempt 1 of 1
[2024-05-14T06:50:05.103+0000] {taskinstance.py:2330} INFO - Executing <Task(_PythonDecoratedOperator): teachers_transform> on 2024-05-14 06:48:00+00:00
[2024-05-14T06:50:05.127+0000] {warnings.py:110} WARNING - /home/***/.local/lib/python3.12/site-packages/***/task/task_runner/standard_task_runner.py:61: DeprecationWarning: This process (pid=3473) is multi-threaded, use of fork() may lead to deadlocks in the child.
  pid = os.fork()

[2024-05-14T06:50:05.132+0000] {standard_task_runner.py:63} INFO - Started process 3478 to run task
[2024-05-14T06:50:05.134+0000] {standard_task_runner.py:90} INFO - Running: ['***', 'tasks', 'run', 'json_to_csv_database_a', 'teachers_transform', 'scheduled__2024-05-14T06:48:00+00:00', '--job-id', '398', '--raw', '--subdir', 'DAGS_FOLDER/json_to_csv_database_a.py', '--cfg-path', '/tmp/tmpeahgzxy5']
[2024-05-14T06:50:05.142+0000] {standard_task_runner.py:91} INFO - Job 398: Subtask teachers_transform
[2024-05-14T06:50:05.196+0000] {task_command.py:426} INFO - Running <TaskInstance: json_to_csv_database_a.teachers_transform scheduled__2024-05-14T06:48:00+00:00 [running]> on host 7331c320d95e
[2024-05-14T06:50:05.263+0000] {taskinstance.py:2648} INFO - Exporting env vars: AIRFLOW_CTX_DAG_OWNER='***' AIRFLOW_CTX_DAG_ID='json_to_csv_database_a' AIRFLOW_CTX_TASK_ID='teachers_transform' AIRFLOW_CTX_EXECUTION_DATE='2024-05-14T06:48:00+00:00' AIRFLOW_CTX_TRY_NUMBER='1' AIRFLOW_CTX_DAG_RUN_ID='scheduled__2024-05-14T06:48:00+00:00'
[2024-05-14T06:50:05.266+0000] {taskinstance.py:430} INFO - ::endgroup::
[2024-05-14T06:50:05.267+0000] {python.py:237} INFO - Done. Returned value was: 1,Byeon Wooseok,2023-01-01
2,Kim Hyeyoon,2008-09-01

[2024-05-14T06:50:05.267+0000] {taskinstance.py:441} INFO - ::group::Post task execution logs
[2024-05-14T06:50:05.280+0000] {taskinstance.py:1206} INFO - Marking task as SUCCESS. dag_id=json_to_csv_database_a, task_id=teachers_transform, run_id=scheduled__2024-05-14T06:48:00+00:00, execution_date=20240514T064800, start_date=20240514T065005, end_date=20240514T065005
[2024-05-14T06:50:05.317+0000] {local_task_job_runner.py:240} INFO - Task exited with return code 0
[2024-05-14T06:50:05.329+0000] {taskinstance.py:3498} INFO - 1 downstream tasks scheduled from follow-on schedule check
[2024-05-14T06:50:05.330+0000] {local_task_job_runner.py:222} INFO - ::endgroup::
