[2024-05-15T07:26:05.554+0000] {local_task_job_runner.py:120} INFO - ::group::Pre task execution logs
[2024-05-15T07:26:05.566+0000] {taskinstance.py:2076} INFO - Dependencies all met for dep_context=non-requeueable deps ti=<TaskInstance: json2csv_a.students_transform scheduled__2024-05-15T07:24:00+00:00 [queued]>
[2024-05-15T07:26:05.570+0000] {taskinstance.py:2076} INFO - Dependencies all met for dep_context=requeueable deps ti=<TaskInstance: json2csv_a.students_transform scheduled__2024-05-15T07:24:00+00:00 [queued]>
[2024-05-15T07:26:05.570+0000] {taskinstance.py:2306} INFO - Starting attempt 1 of 1
[2024-05-15T07:26:05.576+0000] {taskinstance.py:2330} INFO - Executing <Task(_PythonDecoratedOperator): students_transform> on 2024-05-15 07:24:00+00:00
[2024-05-15T07:26:05.614+0000] {warnings.py:110} WARNING - /home/***/.local/lib/python3.12/site-packages/***/task/task_runner/standard_task_runner.py:61: DeprecationWarning: This process (pid=1992) is multi-threaded, use of fork() may lead to deadlocks in the child.
  pid = os.fork()

[2024-05-15T07:26:05.616+0000] {standard_task_runner.py:63} INFO - Started process 1997 to run task
[2024-05-15T07:26:05.622+0000] {standard_task_runner.py:90} INFO - Running: ['***', 'tasks', 'run', 'json2csv_a', 'students_transform', 'scheduled__2024-05-15T07:24:00+00:00', '--job-id', '1150', '--raw', '--subdir', 'DAGS_FOLDER/json_to_csv.py', '--cfg-path', '/tmp/tmpxpmc2oyx']
[2024-05-15T07:26:05.625+0000] {standard_task_runner.py:91} INFO - Job 1150: Subtask students_transform
[2024-05-15T07:26:05.674+0000] {task_command.py:426} INFO - Running <TaskInstance: json2csv_a.students_transform scheduled__2024-05-15T07:24:00+00:00 [running]> on host 7331c320d95e
[2024-05-15T07:26:05.740+0000] {taskinstance.py:2648} INFO - Exporting env vars: AIRFLOW_CTX_DAG_OWNER='***' AIRFLOW_CTX_DAG_ID='json2csv_a' AIRFLOW_CTX_TASK_ID='students_transform' AIRFLOW_CTX_EXECUTION_DATE='2024-05-15T07:24:00+00:00' AIRFLOW_CTX_TRY_NUMBER='1' AIRFLOW_CTX_DAG_RUN_ID='scheduled__2024-05-15T07:24:00+00:00'
[2024-05-15T07:26:05.743+0000] {taskinstance.py:430} INFO - ::endgroup::
[2024-05-15T07:26:05.744+0000] {python.py:237} INFO - Done. Returned value was: 2,Im Sol
1,Ryu Sunjae

[2024-05-15T07:26:05.744+0000] {taskinstance.py:441} INFO - ::group::Post task execution logs
[2024-05-15T07:26:05.759+0000] {taskinstance.py:1206} INFO - Marking task as SUCCESS. dag_id=json2csv_a, task_id=students_transform, run_id=scheduled__2024-05-15T07:24:00+00:00, execution_date=20240515T072400, start_date=20240515T072605, end_date=20240515T072605
[2024-05-15T07:26:05.801+0000] {local_task_job_runner.py:240} INFO - Task exited with return code 0
[2024-05-15T07:26:05.816+0000] {taskinstance.py:3498} INFO - 1 downstream tasks scheduled from follow-on schedule check
[2024-05-15T07:26:05.817+0000] {local_task_job_runner.py:222} INFO - ::endgroup::
