[2024-05-14T07:40:05.281+0000] {local_task_job_runner.py:120} INFO - ::group::Pre task execution logs
[2024-05-14T07:40:05.313+0000] {taskinstance.py:2076} INFO - Dependencies all met for dep_context=non-requeueable deps ti=<TaskInstance: json_to_csv_database_a.teachers_transform scheduled__2024-05-14T07:38:00+00:00 [queued]>
[2024-05-14T07:40:05.319+0000] {taskinstance.py:2076} INFO - Dependencies all met for dep_context=requeueable deps ti=<TaskInstance: json_to_csv_database_a.teachers_transform scheduled__2024-05-14T07:38:00+00:00 [queued]>
[2024-05-14T07:40:05.319+0000] {taskinstance.py:2306} INFO - Starting attempt 1 of 1
[2024-05-14T07:40:05.331+0000] {taskinstance.py:2330} INFO - Executing <Task(_PythonDecoratedOperator): teachers_transform> on 2024-05-14 07:38:00+00:00
[2024-05-14T07:40:05.340+0000] {warnings.py:110} WARNING - /home/***/.local/lib/python3.12/site-packages/***/task/task_runner/standard_task_runner.py:61: DeprecationWarning: This process (pid=4769) is multi-threaded, use of fork() may lead to deadlocks in the child.
  pid = os.fork()

[2024-05-14T07:40:05.343+0000] {standard_task_runner.py:63} INFO - Started process 4775 to run task
[2024-05-14T07:40:05.343+0000] {standard_task_runner.py:90} INFO - Running: ['***', 'tasks', 'run', 'json_to_csv_database_a', 'teachers_transform', 'scheduled__2024-05-14T07:38:00+00:00', '--job-id', '613', '--raw', '--subdir', 'DAGS_FOLDER/json_to_csv_database_a.py', '--cfg-path', '/tmp/tmp63a1qh1l']
[2024-05-14T07:40:05.346+0000] {standard_task_runner.py:91} INFO - Job 613: Subtask teachers_transform
[2024-05-14T07:40:05.385+0000] {task_command.py:426} INFO - Running <TaskInstance: json_to_csv_database_a.teachers_transform scheduled__2024-05-14T07:38:00+00:00 [running]> on host 7331c320d95e
[2024-05-14T07:40:05.473+0000] {taskinstance.py:2648} INFO - Exporting env vars: AIRFLOW_CTX_DAG_OWNER='***' AIRFLOW_CTX_DAG_ID='json_to_csv_database_a' AIRFLOW_CTX_TASK_ID='teachers_transform' AIRFLOW_CTX_EXECUTION_DATE='2024-05-14T07:38:00+00:00' AIRFLOW_CTX_TRY_NUMBER='1' AIRFLOW_CTX_DAG_RUN_ID='scheduled__2024-05-14T07:38:00+00:00'
[2024-05-14T07:40:05.475+0000] {taskinstance.py:430} INFO - ::endgroup::
[2024-05-14T07:40:05.476+0000] {python.py:237} INFO - Done. Returned value was: 1,Byeon Wooseok,2023-01-01
2,Kim Hyeyoon,2008-09-01

[2024-05-14T07:40:05.476+0000] {taskinstance.py:441} INFO - ::group::Post task execution logs
[2024-05-14T07:40:05.490+0000] {taskinstance.py:1206} INFO - Marking task as SUCCESS. dag_id=json_to_csv_database_a, task_id=teachers_transform, run_id=scheduled__2024-05-14T07:38:00+00:00, execution_date=20240514T073800, start_date=20240514T074005, end_date=20240514T074005
[2024-05-14T07:40:05.524+0000] {local_task_job_runner.py:240} INFO - Task exited with return code 0
[2024-05-14T07:40:05.540+0000] {taskinstance.py:3498} INFO - 1 downstream tasks scheduled from follow-on schedule check
[2024-05-14T07:40:05.541+0000] {local_task_job_runner.py:222} INFO - ::endgroup::
