[2024-05-14T08:02:43.514+0000] {local_task_job_runner.py:120} INFO - ::group::Pre task execution logs
[2024-05-14T08:02:43.543+0000] {taskinstance.py:2076} INFO - Dependencies all met for dep_context=non-requeueable deps ti=<TaskInstance: json_to_csv_database_b.boygroup_transform scheduled__2024-05-14T08:00:00+00:00 [queued]>
[2024-05-14T08:02:43.552+0000] {taskinstance.py:2076} INFO - Dependencies all met for dep_context=requeueable deps ti=<TaskInstance: json_to_csv_database_b.boygroup_transform scheduled__2024-05-14T08:00:00+00:00 [queued]>
[2024-05-14T08:02:43.553+0000] {taskinstance.py:2306} INFO - Starting attempt 1 of 1
[2024-05-14T08:02:43.572+0000] {taskinstance.py:2330} INFO - Executing <Task(_PythonDecoratedOperator): boygroup_transform> on 2024-05-14 08:00:00+00:00
[2024-05-14T08:02:43.590+0000] {warnings.py:110} WARNING - /home/***/.local/lib/python3.12/site-packages/***/task/task_runner/standard_task_runner.py:61: DeprecationWarning: This process (pid=5151) is multi-threaded, use of fork() may lead to deadlocks in the child.
  pid = os.fork()

[2024-05-14T08:02:43.592+0000] {standard_task_runner.py:63} INFO - Started process 5156 to run task
[2024-05-14T08:02:43.594+0000] {standard_task_runner.py:90} INFO - Running: ['***', 'tasks', 'run', 'json_to_csv_database_b', 'boygroup_transform', 'scheduled__2024-05-14T08:00:00+00:00', '--job-id', '703', '--raw', '--subdir', 'DAGS_FOLDER/json_to_csv_database_b.py', '--cfg-path', '/tmp/tmpxux9q4af']
[2024-05-14T08:02:43.600+0000] {standard_task_runner.py:91} INFO - Job 703: Subtask boygroup_transform
[2024-05-14T08:02:43.709+0000] {task_command.py:426} INFO - Running <TaskInstance: json_to_csv_database_b.boygroup_transform scheduled__2024-05-14T08:00:00+00:00 [running]> on host 7331c320d95e
[2024-05-14T08:02:43.942+0000] {taskinstance.py:2648} INFO - Exporting env vars: AIRFLOW_CTX_DAG_OWNER='***' AIRFLOW_CTX_DAG_ID='json_to_csv_database_b' AIRFLOW_CTX_TASK_ID='boygroup_transform' AIRFLOW_CTX_EXECUTION_DATE='2024-05-14T08:00:00+00:00' AIRFLOW_CTX_TRY_NUMBER='1' AIRFLOW_CTX_DAG_RUN_ID='scheduled__2024-05-14T08:00:00+00:00'
[2024-05-14T08:02:43.946+0000] {taskinstance.py:430} INFO - ::endgroup::
[2024-05-14T08:02:43.947+0000] {python.py:237} INFO - Done. Returned value was: 1,nct,26,2016-04-09
2,super junior,10,2005-09-11
3,straykids,8,2018-03-25

[2024-05-14T08:02:43.948+0000] {taskinstance.py:441} INFO - ::group::Post task execution logs
[2024-05-14T08:02:43.983+0000] {taskinstance.py:1206} INFO - Marking task as SUCCESS. dag_id=json_to_csv_database_b, task_id=boygroup_transform, run_id=scheduled__2024-05-14T08:00:00+00:00, execution_date=20240514T080000, start_date=20240514T080243, end_date=20240514T080243
[2024-05-14T08:02:44.035+0000] {local_task_job_runner.py:240} INFO - Task exited with return code 0
[2024-05-14T08:02:44.108+0000] {taskinstance.py:3498} INFO - 1 downstream tasks scheduled from follow-on schedule check
[2024-05-14T08:02:44.113+0000] {local_task_job_runner.py:222} INFO - ::endgroup::
