[2024-05-14T03:58:14.664+0000] {local_task_job_runner.py:120} INFO - ::group::Pre task execution logs
[2024-05-14T03:58:14.671+0000] {taskinstance.py:2076} INFO - Dependencies all met for dep_context=non-requeueable deps ti=<TaskInstance: students.transform scheduled__2024-05-14T03:56:00+00:00 [queued]>
[2024-05-14T03:58:14.674+0000] {taskinstance.py:2076} INFO - Dependencies all met for dep_context=requeueable deps ti=<TaskInstance: students.transform scheduled__2024-05-14T03:56:00+00:00 [queued]>
[2024-05-14T03:58:14.674+0000] {taskinstance.py:2306} INFO - Starting attempt 1 of 1
[2024-05-14T03:58:14.678+0000] {taskinstance.py:2330} INFO - Executing <Task(_PythonDecoratedOperator): transform> on 2024-05-14 03:56:00+00:00
[2024-05-14T03:58:14.681+0000] {warnings.py:110} WARNING - /home/***/.local/lib/python3.12/site-packages/***/task/task_runner/standard_task_runner.py:61: DeprecationWarning: This process (pid=715) is multi-threaded, use of fork() may lead to deadlocks in the child.
  pid = os.fork()

[2024-05-14T03:58:14.681+0000] {standard_task_runner.py:63} INFO - Started process 717 to run task
[2024-05-14T03:58:14.682+0000] {standard_task_runner.py:90} INFO - Running: ['***', 'tasks', 'run', 'students', 'transform', 'scheduled__2024-05-14T03:56:00+00:00', '--job-id', '93', '--raw', '--subdir', 'DAGS_FOLDER/students.py', '--cfg-path', '/tmp/tmpnqiw82xr']
[2024-05-14T03:58:14.683+0000] {standard_task_runner.py:91} INFO - Job 93: Subtask transform
[2024-05-14T03:58:14.699+0000] {task_command.py:426} INFO - Running <TaskInstance: students.transform scheduled__2024-05-14T03:56:00+00:00 [running]> on host 7331c320d95e
[2024-05-14T03:58:14.741+0000] {taskinstance.py:2648} INFO - Exporting env vars: AIRFLOW_CTX_DAG_OWNER='***' AIRFLOW_CTX_DAG_ID='students' AIRFLOW_CTX_TASK_ID='transform' AIRFLOW_CTX_EXECUTION_DATE='2024-05-14T03:56:00+00:00' AIRFLOW_CTX_TRY_NUMBER='1' AIRFLOW_CTX_DAG_RUN_ID='scheduled__2024-05-14T03:56:00+00:00'
[2024-05-14T03:58:14.742+0000] {taskinstance.py:430} INFO - ::endgroup::
[2024-05-14T03:58:14.743+0000] {python.py:237} INFO - Done. Returned value was: 1,Ryu Sunjae
2,Im Sol

[2024-05-14T03:58:14.743+0000] {taskinstance.py:441} INFO - ::group::Post task execution logs
[2024-05-14T03:58:14.750+0000] {taskinstance.py:1206} INFO - Marking task as SUCCESS. dag_id=students, task_id=transform, run_id=scheduled__2024-05-14T03:56:00+00:00, execution_date=20240514T035600, start_date=20240514T035814, end_date=20240514T035814
[2024-05-14T03:58:14.778+0000] {local_task_job_runner.py:240} INFO - Task exited with return code 0
[2024-05-14T03:58:14.785+0000] {taskinstance.py:3498} INFO - 0 downstream tasks scheduled from follow-on schedule check
[2024-05-14T03:58:14.785+0000] {local_task_job_runner.py:222} INFO - ::endgroup::
