[2024-05-14T03:49:44.283+0000] {local_task_job_runner.py:120} INFO - ::group::Pre task execution logs
[2024-05-14T03:49:44.294+0000] {taskinstance.py:2076} INFO - Dependencies all met for dep_context=non-requeueable deps ti=<TaskInstance: students.extract manual__2024-05-14T03:49:42.511920+00:00 [queued]>
[2024-05-14T03:49:44.297+0000] {taskinstance.py:2076} INFO - Dependencies all met for dep_context=requeueable deps ti=<TaskInstance: students.extract manual__2024-05-14T03:49:42.511920+00:00 [queued]>
[2024-05-14T03:49:44.297+0000] {taskinstance.py:2306} INFO - Starting attempt 1 of 1
[2024-05-14T03:49:44.302+0000] {taskinstance.py:2330} INFO - Executing <Task(_PythonDecoratedOperator): extract> on 2024-05-14 03:49:42.511920+00:00
[2024-05-14T03:49:44.310+0000] {warnings.py:110} WARNING - /home/***/.local/lib/python3.12/site-packages/***/task/task_runner/standard_task_runner.py:61: DeprecationWarning: This process (pid=584) is multi-threaded, use of fork() may lead to deadlocks in the child.
  pid = os.fork()

[2024-05-14T03:49:44.311+0000] {standard_task_runner.py:63} INFO - Started process 586 to run task
[2024-05-14T03:49:44.311+0000] {standard_task_runner.py:90} INFO - Running: ['***', 'tasks', 'run', 'students', 'extract', 'manual__2024-05-14T03:49:42.511920+00:00', '--job-id', '89', '--raw', '--subdir', 'DAGS_FOLDER/students.py', '--cfg-path', '/tmp/tmpqe6vgd5f']
[2024-05-14T03:49:44.313+0000] {standard_task_runner.py:91} INFO - Job 89: Subtask extract
[2024-05-14T03:49:44.345+0000] {task_command.py:426} INFO - Running <TaskInstance: students.extract manual__2024-05-14T03:49:42.511920+00:00 [running]> on host 7331c320d95e
[2024-05-14T03:49:44.379+0000] {taskinstance.py:2648} INFO - Exporting env vars: AIRFLOW_CTX_DAG_OWNER='***' AIRFLOW_CTX_DAG_ID='students' AIRFLOW_CTX_TASK_ID='extract' AIRFLOW_CTX_EXECUTION_DATE='2024-05-14T03:49:42.511920+00:00' AIRFLOW_CTX_TRY_NUMBER='1' AIRFLOW_CTX_DAG_RUN_ID='manual__2024-05-14T03:49:42.511920+00:00'
[2024-05-14T03:49:44.380+0000] {taskinstance.py:430} INFO - ::endgroup::
[2024-05-14T03:49:44.381+0000] {logging_mixin.py:188} INFO - {'id': 1, 'name': 'Ryu Sunjae'}
[2024-05-14T03:49:44.382+0000] {logging_mixin.py:188} INFO - {'id': 2, 'name': 'Im Sol'}
[2024-05-14T03:49:44.382+0000] {python.py:237} INFO - Done. Returned value was: None
[2024-05-14T03:49:44.383+0000] {taskinstance.py:441} INFO - ::group::Post task execution logs
[2024-05-14T03:49:44.386+0000] {taskinstance.py:1206} INFO - Marking task as SUCCESS. dag_id=students, task_id=extract, run_id=manual__2024-05-14T03:49:42.511920+00:00, execution_date=20240514T034942, start_date=20240514T034944, end_date=20240514T034944
[2024-05-14T03:49:44.410+0000] {local_task_job_runner.py:240} INFO - Task exited with return code 0
[2024-05-14T03:49:44.416+0000] {taskinstance.py:3498} INFO - 0 downstream tasks scheduled from follow-on schedule check
[2024-05-14T03:49:44.416+0000] {local_task_job_runner.py:222} INFO - ::endgroup::
