[2024-05-15T08:21:44.971+0000] {local_task_job_runner.py:120} INFO - ::group::Pre task execution logs
[2024-05-15T08:21:45.259+0000] {taskinstance.py:2076} INFO - Dependencies all met for dep_context=non-requeueable deps ti=<TaskInstance: json2csv_b.girlgroup_transform scheduled__2024-05-15T08:18:00+00:00 [queued]>
[2024-05-15T08:21:45.314+0000] {taskinstance.py:2076} INFO - Dependencies all met for dep_context=requeueable deps ti=<TaskInstance: json2csv_b.girlgroup_transform scheduled__2024-05-15T08:18:00+00:00 [queued]>
[2024-05-15T08:21:45.317+0000] {taskinstance.py:2306} INFO - Starting attempt 1 of 1
[2024-05-15T08:21:45.572+0000] {taskinstance.py:2330} INFO - Executing <Task(_PythonDecoratedOperator): girlgroup_transform> on 2024-05-15 08:18:00+00:00
[2024-05-15T08:21:45.626+0000] {warnings.py:110} WARNING - /home/***/.local/lib/python3.12/site-packages/***/task/task_runner/standard_task_runner.py:61: DeprecationWarning: This process (pid=3129) is multi-threaded, use of fork() may lead to deadlocks in the child.
  pid = os.fork()

[2024-05-15T08:21:45.635+0000] {standard_task_runner.py:63} INFO - Started process 3144 to run task
[2024-05-15T08:21:45.697+0000] {standard_task_runner.py:90} INFO - Running: ['***', 'tasks', 'run', 'json2csv_b', 'girlgroup_transform', 'scheduled__2024-05-15T08:18:00+00:00', '--job-id', '1302', '--raw', '--subdir', 'DAGS_FOLDER/json_to_csv.py', '--cfg-path', '/tmp/tmp1fbu1n61']
[2024-05-15T08:21:45.722+0000] {standard_task_runner.py:91} INFO - Job 1302: Subtask girlgroup_transform
[2024-05-15T08:21:46.360+0000] {task_command.py:426} INFO - Running <TaskInstance: json2csv_b.girlgroup_transform scheduled__2024-05-15T08:18:00+00:00 [running]> on host 7331c320d95e
[2024-05-15T08:21:46.899+0000] {taskinstance.py:2648} INFO - Exporting env vars: AIRFLOW_CTX_DAG_OWNER='***' AIRFLOW_CTX_DAG_ID='json2csv_b' AIRFLOW_CTX_TASK_ID='girlgroup_transform' AIRFLOW_CTX_EXECUTION_DATE='2024-05-15T08:18:00+00:00' AIRFLOW_CTX_TRY_NUMBER='1' AIRFLOW_CTX_DAG_RUN_ID='scheduled__2024-05-15T08:18:00+00:00'
[2024-05-15T08:21:46.920+0000] {taskinstance.py:430} INFO - ::endgroup::
[2024-05-15T08:21:46.930+0000] {python.py:237} INFO - Done. Returned value was: 1,aespa,4,2016-04-09
2,newjeans,10,2005-09-11
3,blackpink,4,2018-03-25

[2024-05-15T08:21:46.936+0000] {taskinstance.py:441} INFO - ::group::Post task execution logs
[2024-05-15T08:21:47.321+0000] {taskinstance.py:1206} INFO - Marking task as SUCCESS. dag_id=json2csv_b, task_id=girlgroup_transform, run_id=scheduled__2024-05-15T08:18:00+00:00, execution_date=20240515T081800, start_date=20240515T082145, end_date=20240515T082147
[2024-05-15T08:21:47.662+0000] {local_task_job_runner.py:240} INFO - Task exited with return code 0
[2024-05-15T08:21:48.285+0000] {taskinstance.py:3498} INFO - 1 downstream tasks scheduled from follow-on schedule check
[2024-05-15T08:21:48.373+0000] {local_task_job_runner.py:222} INFO - ::endgroup::
