[2024-05-15T08:21:16.933+0000] {local_task_job_runner.py:120} INFO - ::group::Pre task execution logs
[2024-05-15T08:21:17.180+0000] {taskinstance.py:2076} INFO - Dependencies all met for dep_context=non-requeueable deps ti=<TaskInstance: json2csv_b.boygroup_transform manual__2024-05-15T08:19:54.285247+00:00 [queued]>
[2024-05-15T08:21:17.229+0000] {taskinstance.py:2076} INFO - Dependencies all met for dep_context=requeueable deps ti=<TaskInstance: json2csv_b.boygroup_transform manual__2024-05-15T08:19:54.285247+00:00 [queued]>
[2024-05-15T08:21:17.232+0000] {taskinstance.py:2306} INFO - Starting attempt 1 of 1
[2024-05-15T08:21:17.355+0000] {taskinstance.py:2330} INFO - Executing <Task(_PythonDecoratedOperator): boygroup_transform> on 2024-05-15 08:19:54.285247+00:00
[2024-05-15T08:21:17.488+0000] {warnings.py:110} WARNING - /home/***/.local/lib/python3.12/site-packages/***/task/task_runner/standard_task_runner.py:61: DeprecationWarning: This process (pid=3117) is multi-threaded, use of fork() may lead to deadlocks in the child.
  pid = os.fork()

[2024-05-15T08:21:17.496+0000] {standard_task_runner.py:63} INFO - Started process 3131 to run task
[2024-05-15T08:21:17.526+0000] {standard_task_runner.py:90} INFO - Running: ['***', 'tasks', 'run', 'json2csv_b', 'boygroup_transform', 'manual__2024-05-15T08:19:54.285247+00:00', '--job-id', '1299', '--raw', '--subdir', 'DAGS_FOLDER/json_to_csv.py', '--cfg-path', '/tmp/tmpps3lg72v']
[2024-05-15T08:21:17.559+0000] {standard_task_runner.py:91} INFO - Job 1299: Subtask boygroup_transform
[2024-05-15T08:21:18.366+0000] {task_command.py:426} INFO - Running <TaskInstance: json2csv_b.boygroup_transform manual__2024-05-15T08:19:54.285247+00:00 [running]> on host 7331c320d95e
[2024-05-15T08:21:20.496+0000] {taskinstance.py:2648} INFO - Exporting env vars: AIRFLOW_CTX_DAG_OWNER='***' AIRFLOW_CTX_DAG_ID='json2csv_b' AIRFLOW_CTX_TASK_ID='boygroup_transform' AIRFLOW_CTX_EXECUTION_DATE='2024-05-15T08:19:54.285247+00:00' AIRFLOW_CTX_TRY_NUMBER='1' AIRFLOW_CTX_DAG_RUN_ID='manual__2024-05-15T08:19:54.285247+00:00'
[2024-05-15T08:21:20.562+0000] {taskinstance.py:430} INFO - ::endgroup::
[2024-05-15T08:21:20.598+0000] {python.py:237} INFO - Done. Returned value was: 1,nct,26,2016-04-09
2,super junior,10,2005-09-11
3,straykids,8,2018-03-25

[2024-05-15T08:21:20.620+0000] {taskinstance.py:441} INFO - ::group::Post task execution logs
[2024-05-15T08:21:20.804+0000] {taskinstance.py:1206} INFO - Marking task as SUCCESS. dag_id=json2csv_b, task_id=boygroup_transform, run_id=manual__2024-05-15T08:19:54.285247+00:00, execution_date=20240515T081954, start_date=20240515T082117, end_date=20240515T082120
[2024-05-15T08:21:21.006+0000] {local_task_job_runner.py:240} INFO - Task exited with return code 0
[2024-05-15T08:21:21.446+0000] {taskinstance.py:3498} INFO - 1 downstream tasks scheduled from follow-on schedule check
[2024-05-15T08:21:21.472+0000] {local_task_job_runner.py:222} INFO - ::endgroup::
