[2024-05-14T07:00:04.546+0000] {local_task_job_runner.py:120} INFO - ::group::Pre task execution logs
[2024-05-14T07:00:04.556+0000] {taskinstance.py:2076} INFO - Dependencies all met for dep_context=non-requeueable deps ti=<TaskInstance: json_to_csv_database_a.teachers_transform scheduled__2024-05-14T06:58:00+00:00 [queued]>
[2024-05-14T07:00:04.561+0000] {taskinstance.py:2076} INFO - Dependencies all met for dep_context=requeueable deps ti=<TaskInstance: json_to_csv_database_a.teachers_transform scheduled__2024-05-14T06:58:00+00:00 [queued]>
[2024-05-14T07:00:04.562+0000] {taskinstance.py:2306} INFO - Starting attempt 1 of 1
[2024-05-14T07:00:04.568+0000] {taskinstance.py:2330} INFO - Executing <Task(_PythonDecoratedOperator): teachers_transform> on 2024-05-14 06:58:00+00:00
[2024-05-14T07:00:04.573+0000] {warnings.py:110} WARNING - /home/***/.local/lib/python3.12/site-packages/***/task/task_runner/standard_task_runner.py:61: DeprecationWarning: This process (pid=3722) is multi-threaded, use of fork() may lead to deadlocks in the child.
  pid = os.fork()

[2024-05-14T07:00:04.575+0000] {standard_task_runner.py:63} INFO - Started process 3730 to run task
[2024-05-14T07:00:04.575+0000] {standard_task_runner.py:90} INFO - Running: ['***', 'tasks', 'run', 'json_to_csv_database_a', 'teachers_transform', 'scheduled__2024-05-14T06:58:00+00:00', '--job-id', '438', '--raw', '--subdir', 'DAGS_FOLDER/json_to_csv_database_a.py', '--cfg-path', '/tmp/tmp1d3ui20m']
[2024-05-14T07:00:04.577+0000] {standard_task_runner.py:91} INFO - Job 438: Subtask teachers_transform
[2024-05-14T07:00:04.606+0000] {task_command.py:426} INFO - Running <TaskInstance: json_to_csv_database_a.teachers_transform scheduled__2024-05-14T06:58:00+00:00 [running]> on host 7331c320d95e
[2024-05-14T07:00:04.674+0000] {taskinstance.py:2648} INFO - Exporting env vars: AIRFLOW_CTX_DAG_OWNER='***' AIRFLOW_CTX_DAG_ID='json_to_csv_database_a' AIRFLOW_CTX_TASK_ID='teachers_transform' AIRFLOW_CTX_EXECUTION_DATE='2024-05-14T06:58:00+00:00' AIRFLOW_CTX_TRY_NUMBER='1' AIRFLOW_CTX_DAG_RUN_ID='scheduled__2024-05-14T06:58:00+00:00'
[2024-05-14T07:00:04.675+0000] {taskinstance.py:430} INFO - ::endgroup::
[2024-05-14T07:00:04.676+0000] {python.py:237} INFO - Done. Returned value was: 1,Byeon Wooseok,2023-01-01
2,Kim Hyeyoon,2008-09-01

[2024-05-14T07:00:04.676+0000] {taskinstance.py:441} INFO - ::group::Post task execution logs
[2024-05-14T07:00:04.686+0000] {taskinstance.py:1206} INFO - Marking task as SUCCESS. dag_id=json_to_csv_database_a, task_id=teachers_transform, run_id=scheduled__2024-05-14T06:58:00+00:00, execution_date=20240514T065800, start_date=20240514T070004, end_date=20240514T070004
[2024-05-14T07:00:04.714+0000] {local_task_job_runner.py:240} INFO - Task exited with return code 0
[2024-05-14T07:00:04.730+0000] {taskinstance.py:3498} INFO - 1 downstream tasks scheduled from follow-on schedule check
[2024-05-14T07:00:04.731+0000] {local_task_job_runner.py:222} INFO - ::endgroup::
